
FAILURE: Build failed with an exception.

* Where:
Build file '/home/robotbrain/programs/skychat/forge/build.gradle' line: 14

* What went wrong:
A problem occurred evaluating project ':forge'.
> Failed to apply plugin [id 'org.gradle.idea']
   > A dependency must not be empty

* Try:
Run with --stacktrace option to get the stack trace. Run with --info or --debug option to get more log output.

BUILD FAILED

Total time: 23.655 secs
